2012-02-06 20:05:02,422 ERROR 11486759@qtp-1730608886-0 cocoon.access - Internal Cocoon Problem
org.apache.cocoon.ProcessingException: Failed to process pipeline
	at <map:serialize type="tei"> - file:///Users/hlapin/Desktop/Copied%20from%20old%20computer/Old%20Desktop/Research/Mishnah%20XML%20project/MishnahRepos/cocoon/viewer/target/work/blocks/text/sitemap.xmap:65:37
	at <map:transform type="xslt-saxon"> - file:///Users/hlapin/Desktop/Copied%20from%20old%20computer/Old%20Desktop/Research/Mishnah%20XML%20project/MishnahRepos/cocoon/viewer/target/work/blocks/text/sitemap.xmap:64:91
	at <map:transform type="collatex"> - file:///Users/hlapin/Desktop/Copied%20from%20old%20computer/Old%20Desktop/Research/Mishnah%20XML%20project/MishnahRepos/cocoon/viewer/target/work/blocks/text/sitemap.xmap:63:42
	at <map:transform type="xslt-saxon"> - file:///Users/hlapin/Desktop/Copied%20from%20old%20computer/Old%20Desktop/Research/Mishnah%20XML%20project/MishnahRepos/cocoon/viewer/target/work/blocks/text/sitemap.xmap:62:99
	at <map:generate> - file:///Users/hlapin/Desktop/Copied%20from%20old%20computer/Old%20Desktop/Research/Mishnah%20XML%20project/MishnahRepos/cocoon/viewer/target/work/blocks/text/sitemap.xmap:61:78
	at <map:match> - file:///Users/hlapin/Desktop/Copied%20from%20old%20computer/Old%20Desktop/Research/Mishnah%20XML%20project/MishnahRepos/cocoon/viewer/target/work/blocks/text/sitemap.xmap:60:42
	at org.apache.cocoon.ProcessingException.throwLocated(ProcessingException.java:143)
	at org.apache.cocoon.components.pipeline.AbstractProcessingPipeline.handleException(AbstractProcessingPipeline.java:923)
	at org.apache.cocoon.components.pipeline.impl.AbstractCachingProcessingPipeline.processXMLPipeline(AbstractCachingProcessingPipeline.java:379)
	at org.apache.cocoon.components.pipeline.AbstractProcessingPipeline.process(AbstractProcessingPipeline.java:439)
	at sun.reflect.NativeMethodAccessorImpl.invoke0(Native Method)
	at sun.reflect.NativeMethodAccessorImpl.invoke(NativeMethodAccessorImpl.java:39)
	at sun.reflect.DelegatingMethodAccessorImpl.invoke(DelegatingMethodAccessorImpl.java:25)
	at java.lang.reflect.Method.invoke(Method.java:597)
	at org.apache.cocoon.core.container.spring.avalon.PoolableProxyHandler.invoke(PoolableProxyHandler.java:71)
	at $Proxy22.process(Unknown Source)
	at org.apache.cocoon.components.treeprocessor.sitemap.SerializeNode.invoke(SerializeNode.java:147)
	at org.apache.cocoon.components.treeprocessor.AbstractParentProcessingNode.invokeNodes(AbstractParentProcessingNode.java:55)
	at org.apache.cocoon.components.treeprocessor.sitemap.MatchNode.invoke(MatchNode.java:87)
	at org.apache.cocoon.components.treeprocessor.AbstractParentProcessingNode.invokeNodes(AbstractParentProcessingNode.java:78)
	at org.apache.cocoon.components.treeprocessor.sitemap.PipelineNode.invoke(PipelineNode.java:143)
	at org.apache.cocoon.components.treeprocessor.AbstractParentProcessingNode.invokeNodes(AbstractParentProcessingNode.java:78)
	at org.apache.cocoon.components.treeprocessor.sitemap.PipelinesNode.invoke(PipelinesNode.java:81)
	at org.apache.cocoon.components.treeprocessor.ConcreteTreeProcessor.process(ConcreteTreeProcessor.java:239)
	at org.apache.cocoon.components.treeprocessor.ConcreteTreeProcessor.process(ConcreteTreeProcessor.java:171)
	at org.apache.cocoon.components.treeprocessor.TreeProcessor.process(TreeProcessor.java:247)
	at org.apache.cocoon.servlet.RequestProcessor.process(RequestProcessor.java:351)
	at org.apache.cocoon.servlet.RequestProcessor.service(RequestProcessor.java:169)
	at org.apache.cocoon.sitemap.SitemapServlet.service(SitemapServlet.java:84)
	at javax.servlet.http.HttpServlet.service(HttpServlet.java:820)
	at org.apache.cocoon.servletservice.ServletServiceContext$PathDispatcher.forward(ServletServiceContext.java:468)
	at org.apache.cocoon.servletservice.ServletServiceContext$PathDispatcher.forward(ServletServiceContext.java:443)
	at org.apache.cocoon.servletservice.spring.ServletFactoryBean$ServiceInterceptor.invoke(ServletFactoryBean.java:264)
	at org.springframework.aop.framework.ReflectiveMethodInvocation.proceed(ReflectiveMethodInvocation.java:171)
	at org.springframework.aop.framework.JdkDynamicAopProxy.invoke(JdkDynamicAopProxy.java:204)
	at $Proxy19.service(Unknown Source)
	at org.apache.cocoon.servletservice.DispatcherServlet.service(DispatcherServlet.java:106)
	at javax.servlet.http.HttpServlet.service(HttpServlet.java:820)
	at org.mortbay.jetty.servlet.ServletHolder.handle(ServletHolder.java:511)
	at org.mortbay.jetty.servlet.ServletHandler$CachedChain.doFilter(ServletHandler.java:1166)
	at org.apache.cocoon.servlet.multipart.MultipartFilter.doFilter(MultipartFilter.java:131)
	at org.mortbay.jetty.servlet.ServletHandler$CachedChain.doFilter(ServletHandler.java:1157)
	at org.mortbay.jetty.servlet.ServletHandler.handle(ServletHandler.java:388)
	at org.mortbay.jetty.security.SecurityHandler.handle(SecurityHandler.java:216)
	at org.mortbay.jetty.servlet.SessionHandler.handle(SessionHandler.java:182)
	at org.mortbay.jetty.handler.ContextHandler.handle(ContextHandler.java:765)
	at org.mortbay.jetty.webapp.WebAppContext.handle(WebAppContext.java:440)
	at org.mortbay.jetty.handler.ContextHandlerCollection.handle(ContextHandlerCollection.java:230)
	at org.mortbay.jetty.handler.HandlerCollection.handle(HandlerCollection.java:114)
	at org.mortbay.jetty.handler.HandlerWrapper.handle(HandlerWrapper.java:152)
	at org.mortbay.jetty.Server.handle(Server.java:326)
	at org.mortbay.jetty.HttpConnection.handleRequest(HttpConnection.java:542)
	at org.mortbay.jetty.HttpConnection$RequestHandler.headerComplete(HttpConnection.java:926)
	at org.mortbay.jetty.HttpParser.parseNext(HttpParser.java:549)
	at org.mortbay.jetty.HttpParser.parseAvailable(HttpParser.java:212)
	at org.mortbay.jetty.HttpConnection.handle(HttpConnection.java:404)
	at org.mortbay.io.nio.SelectChannelEndPoint.run(SelectChannelEndPoint.java:410)
	at org.mortbay.thread.QueuedThreadPool$PoolThread.run(QueuedThreadPool.java:582)
Caused by: org.apache.commons.lang.exception.NestableRuntimeException: java.net.MalformedURLException: unknown protocol: resource
	at org.apache.cocoon.transformation.TraxTransformer.endDocument(TraxTransformer.java:581)
	at sun.reflect.NativeMethodAccessorImpl.invoke0(Native Method)
	at sun.reflect.NativeMethodAccessorImpl.invoke(NativeMethodAccessorImpl.java:39)
	at sun.reflect.DelegatingMethodAccessorImpl.invoke(DelegatingMethodAccessorImpl.java:25)
	at java.lang.reflect.Method.invoke(Method.java:597)
	at org.apache.cocoon.core.container.spring.avalon.PoolableProxyHandler.invoke(PoolableProxyHandler.java:71)
	at $Proxy23.endDocument(Unknown Source)
	at org.apache.xerces.parsers.AbstractSAXParser.endDocument(Unknown Source)
	at org.apache.xerces.impl.XMLDocumentScannerImpl.endEntity(Unknown Source)
	at org.apache.xerces.impl.XMLEntityManager.endEntity(Unknown Source)
	at org.apache.xerces.impl.XMLEntityScanner.load(Unknown Source)
	at org.apache.xerces.impl.XMLEntityScanner.skipSpaces(Unknown Source)
	at org.apache.xerces.impl.XMLDocumentScannerImpl$TrailingMiscDispatcher.dispatch(Unknown Source)
	at org.apache.xerces.impl.XMLDocumentFragmentScannerImpl.scanDocument(Unknown Source)
	at org.apache.xerces.parsers.XML11Configuration.parse(Unknown Source)
	at org.apache.xerces.parsers.XML11Configuration.parse(Unknown Source)
	at org.apache.xerces.parsers.XMLParser.parse(Unknown Source)
	at org.apache.xerces.parsers.AbstractSAXParser.parse(Unknown Source)
	at org.apache.xerces.jaxp.SAXParserImpl$JAXPSAXParser.parse(Unknown Source)
	at org.apache.cocoon.core.xml.impl.JaxpSAXParser.parse(JaxpSAXParser.java:196)
	at org.apache.cocoon.core.xml.impl.JaxpSAXParser.parse(JaxpSAXParser.java:204)
	at org.apache.cocoon.components.source.util.SourceUtil.parse(SourceUtil.java:297)
	at org.apache.cocoon.generation.FileGenerator.generate(FileGenerator.java:136)
	at org.apache.cocoon.components.pipeline.impl.AbstractCachingProcessingPipeline.processXMLPipeline(AbstractCachingProcessingPipeline.java:360)
	... 49 more
Caused by: java.net.MalformedURLException: unknown protocol: resource
	at java.net.URL.<init>(URL.java:574)
	at java.net.URL.<init>(URL.java:464)
	at java.net.URL.<init>(URL.java:413)
	at org.apache.xerces.impl.XMLEntityManager.setupCurrentEntity(Unknown Source)
	at org.apache.xerces.impl.XMLVersionDetector.determineDocVersion(Unknown Source)
	at org.apache.xerces.parsers.XML11Configuration.parse(Unknown Source)
	at org.apache.xerces.parsers.XML11Configuration.parse(Unknown Source)
	at org.apache.xerces.parsers.XMLParser.parse(Unknown Source)
	at org.apache.xerces.parsers.AbstractSAXParser.parse(Unknown Source)
	at org.apache.xerces.jaxp.SAXParserImpl$JAXPSAXParser.parse(Unknown Source)
	at net.sf.saxon.event.Sender.sendSAXSource(Sender.java:397)
	at net.sf.saxon.event.Sender.send(Sender.java:156)
	at net.sf.saxon.functions.Document.makeDoc(Document.java:332)
	at net.sf.saxon.functions.Document$DocumentMappingFunction.map(Document.java:223)
	at net.sf.saxon.expr.ItemMappingIterator.next(ItemMappingIterator.java:91)
	at net.sf.saxon.expr.ContextMappingIterator.next(ContextMappingIterator.java:51)
	at net.sf.saxon.expr.ContextMappingIterator.next(ContextMappingIterator.java:51)
	at net.sf.saxon.expr.ContextMappingIterator.next(ContextMappingIterator.java:51)
	at net.sf.saxon.expr.ContextMappingIterator.next(ContextMappingIterator.java:51)
	at net.sf.saxon.expr.ContextMappingIterator.next(ContextMappingIterator.java:51)
	at net.sf.saxon.expr.DifferenceEnumeration.next(DifferenceEnumeration.java:57)
	at net.sf.saxon.expr.DifferenceEnumeration.<init>(DifferenceEnumeration.java:45)
	at net.sf.saxon.expr.VennExpression.iterate(VennExpression.java:417)
	at net.sf.saxon.instruct.CopyOf.processLeavingTail(CopyOf.java:404)
	at net.sf.saxon.instruct.Instruction.process(Instruction.java:93)
	at net.sf.saxon.instruct.DocumentInstr.evaluateItem(DocumentInstr.java:305)
	at net.sf.saxon.expr.ExpressionTool.evaluate(ExpressionTool.java:301)
	at net.sf.saxon.expr.LetExpression.eval(LetExpression.java:388)
	at net.sf.saxon.expr.LetExpression.processLeavingTail(LetExpression.java:623)
	at net.sf.saxon.instruct.Template.applyLeavingTail(Template.java:229)
	at net.sf.saxon.instruct.ApplyTemplates.applyTemplates(ApplyTemplates.java:354)
	at net.sf.saxon.instruct.ApplyTemplates.defaultAction(ApplyTemplates.java:389)
	at net.sf.saxon.instruct.ApplyTemplates.applyTemplates(ApplyTemplates.java:342)
	at net.sf.saxon.instruct.ApplyTemplates.defaultAction(ApplyTemplates.java:389)
	at net.sf.saxon.instruct.ApplyTemplates.applyTemplates(ApplyTemplates.java:342)
	at net.sf.saxon.instruct.ApplyTemplates.defaultAction(ApplyTemplates.java:389)
	at net.sf.saxon.instruct.ApplyTemplates.applyTemplates(ApplyTemplates.java:342)
	at net.sf.saxon.instruct.ApplyTemplates.defaultAction(ApplyTemplates.java:389)
	at net.sf.saxon.instruct.ApplyTemplates.applyTemplates(ApplyTemplates.java:342)
	at net.sf.saxon.Controller.transformDocument(Controller.java:1849)
	at net.sf.saxon.TransformerHandlerImpl.endDocument(TransformerHandlerImpl.java:144)
	at org.apache.cocoon.xml.AbstractXMLPipe.endDocument(AbstractXMLPipe.java:55)
	at org.apache.cocoon.transformation.TraxTransformer.endDocument(TraxTransformer.java:563)
	... 72 more
2012-02-06 20:05:09,903 ERROR 11486759@qtp-1730608886-0 cocoon.access - Internal Cocoon Problem
org.apache.cocoon.ProcessingException: Failed to process pipeline
	at <map:serialize type="tei"> - file:///Users/hlapin/Desktop/Copied%20from%20old%20computer/Old%20Desktop/Research/Mishnah%20XML%20project/MishnahRepos/cocoon/viewer/target/work/blocks/text/sitemap.xmap:65:37
	at <map:transform type="xslt-saxon"> - file:///Users/hlapin/Desktop/Copied%20from%20old%20computer/Old%20Desktop/Research/Mishnah%20XML%20project/MishnahRepos/cocoon/viewer/target/work/blocks/text/sitemap.xmap:64:91
	at <map:transform type="collatex"> - file:///Users/hlapin/Desktop/Copied%20from%20old%20computer/Old%20Desktop/Research/Mishnah%20XML%20project/MishnahRepos/cocoon/viewer/target/work/blocks/text/sitemap.xmap:63:42
	at <map:transform type="xslt-saxon"> - file:///Users/hlapin/Desktop/Copied%20from%20old%20computer/Old%20Desktop/Research/Mishnah%20XML%20project/MishnahRepos/cocoon/viewer/target/work/blocks/text/sitemap.xmap:62:99
	at <map:generate> - file:///Users/hlapin/Desktop/Copied%20from%20old%20computer/Old%20Desktop/Research/Mishnah%20XML%20project/MishnahRepos/cocoon/viewer/target/work/blocks/text/sitemap.xmap:61:78
	at <map:match> - file:///Users/hlapin/Desktop/Copied%20from%20old%20computer/Old%20Desktop/Research/Mishnah%20XML%20project/MishnahRepos/cocoon/viewer/target/work/blocks/text/sitemap.xmap:60:42
	at org.apache.cocoon.ProcessingException.throwLocated(ProcessingException.java:143)
	at org.apache.cocoon.components.pipeline.AbstractProcessingPipeline.handleException(AbstractProcessingPipeline.java:923)
	at org.apache.cocoon.components.pipeline.impl.AbstractCachingProcessingPipeline.processXMLPipeline(AbstractCachingProcessingPipeline.java:379)
	at org.apache.cocoon.components.pipeline.AbstractProcessingPipeline.process(AbstractProcessingPipeline.java:439)
	at sun.reflect.NativeMethodAccessorImpl.invoke0(Native Method)
	at sun.reflect.NativeMethodAccessorImpl.invoke(NativeMethodAccessorImpl.java:39)
	at sun.reflect.DelegatingMethodAccessorImpl.invoke(DelegatingMethodAccessorImpl.java:25)
	at java.lang.reflect.Method.invoke(Method.java:597)
	at org.apache.cocoon.core.container.spring.avalon.PoolableProxyHandler.invoke(PoolableProxyHandler.java:71)
	at $Proxy22.process(Unknown Source)
	at org.apache.cocoon.components.treeprocessor.sitemap.SerializeNode.invoke(SerializeNode.java:147)
	at org.apache.cocoon.components.treeprocessor.AbstractParentProcessingNode.invokeNodes(AbstractParentProcessingNode.java:55)
	at org.apache.cocoon.components.treeprocessor.sitemap.MatchNode.invoke(MatchNode.java:87)
	at org.apache.cocoon.components.treeprocessor.AbstractParentProcessingNode.invokeNodes(AbstractParentProcessingNode.java:78)
	at org.apache.cocoon.components.treeprocessor.sitemap.PipelineNode.invoke(PipelineNode.java:143)
	at org.apache.cocoon.components.treeprocessor.AbstractParentProcessingNode.invokeNodes(AbstractParentProcessingNode.java:78)
	at org.apache.cocoon.components.treeprocessor.sitemap.PipelinesNode.invoke(PipelinesNode.java:81)
	at org.apache.cocoon.components.treeprocessor.ConcreteTreeProcessor.process(ConcreteTreeProcessor.java:239)
	at org.apache.cocoon.components.treeprocessor.ConcreteTreeProcessor.process(ConcreteTreeProcessor.java:171)
	at org.apache.cocoon.components.treeprocessor.TreeProcessor.process(TreeProcessor.java:247)
	at org.apache.cocoon.servlet.RequestProcessor.process(RequestProcessor.java:351)
	at org.apache.cocoon.servlet.RequestProcessor.service(RequestProcessor.java:169)
	at org.apache.cocoon.sitemap.SitemapServlet.service(SitemapServlet.java:84)
	at javax.servlet.http.HttpServlet.service(HttpServlet.java:820)
	at org.apache.cocoon.servletservice.ServletServiceContext$PathDispatcher.forward(ServletServiceContext.java:468)
	at org.apache.cocoon.servletservice.ServletServiceContext$PathDispatcher.forward(ServletServiceContext.java:443)
	at org.apache.cocoon.servletservice.spring.ServletFactoryBean$ServiceInterceptor.invoke(ServletFactoryBean.java:264)
	at org.springframework.aop.framework.ReflectiveMethodInvocation.proceed(ReflectiveMethodInvocation.java:171)
	at org.springframework.aop.framework.JdkDynamicAopProxy.invoke(JdkDynamicAopProxy.java:204)
	at $Proxy19.service(Unknown Source)
	at org.apache.cocoon.servletservice.DispatcherServlet.service(DispatcherServlet.java:106)
	at javax.servlet.http.HttpServlet.service(HttpServlet.java:820)
	at org.mortbay.jetty.servlet.ServletHolder.handle(ServletHolder.java:511)
	at org.mortbay.jetty.servlet.ServletHandler$CachedChain.doFilter(ServletHandler.java:1166)
	at org.apache.cocoon.servlet.multipart.MultipartFilter.doFilter(MultipartFilter.java:131)
	at org.mortbay.jetty.servlet.ServletHandler$CachedChain.doFilter(ServletHandler.java:1157)
	at org.mortbay.jetty.servlet.ServletHandler.handle(ServletHandler.java:388)
	at org.mortbay.jetty.security.SecurityHandler.handle(SecurityHandler.java:216)
	at org.mortbay.jetty.servlet.SessionHandler.handle(SessionHandler.java:182)
	at org.mortbay.jetty.handler.ContextHandler.handle(ContextHandler.java:765)
	at org.mortbay.jetty.webapp.WebAppContext.handle(WebAppContext.java:440)
	at org.mortbay.jetty.handler.ContextHandlerCollection.handle(ContextHandlerCollection.java:230)
	at org.mortbay.jetty.handler.HandlerCollection.handle(HandlerCollection.java:114)
	at org.mortbay.jetty.handler.HandlerWrapper.handle(HandlerWrapper.java:152)
	at org.mortbay.jetty.Server.handle(Server.java:326)
	at org.mortbay.jetty.HttpConnection.handleRequest(HttpConnection.java:542)
	at org.mortbay.jetty.HttpConnection$RequestHandler.headerComplete(HttpConnection.java:926)
	at org.mortbay.jetty.HttpParser.parseNext(HttpParser.java:549)
	at org.mortbay.jetty.HttpParser.parseAvailable(HttpParser.java:212)
	at org.mortbay.jetty.HttpConnection.handle(HttpConnection.java:404)
	at org.mortbay.io.nio.SelectChannelEndPoint.run(SelectChannelEndPoint.java:410)
	at org.mortbay.thread.QueuedThreadPool$PoolThread.run(QueuedThreadPool.java:582)
Caused by: org.apache.commons.lang.exception.NestableRuntimeException: java.net.MalformedURLException: unknown protocol: resource
	at org.apache.cocoon.transformation.TraxTransformer.endDocument(TraxTransformer.java:581)
	at sun.reflect.NativeMethodAccessorImpl.invoke0(Native Method)
	at sun.reflect.NativeMethodAccessorImpl.invoke(NativeMethodAccessorImpl.java:39)
	at sun.reflect.DelegatingMethodAccessorImpl.invoke(DelegatingMethodAccessorImpl.java:25)
	at java.lang.reflect.Method.invoke(Method.java:597)
	at org.apache.cocoon.core.container.spring.avalon.PoolableProxyHandler.invoke(PoolableProxyHandler.java:71)
	at $Proxy23.endDocument(Unknown Source)
	at org.apache.xerces.parsers.AbstractSAXParser.endDocument(Unknown Source)
	at org.apache.xerces.impl.XMLDocumentScannerImpl.endEntity(Unknown Source)
	at org.apache.xerces.impl.XMLEntityManager.endEntity(Unknown Source)
	at org.apache.xerces.impl.XMLEntityScanner.load(Unknown Source)
	at org.apache.xerces.impl.XMLEntityScanner.skipSpaces(Unknown Source)
	at org.apache.xerces.impl.XMLDocumentScannerImpl$TrailingMiscDispatcher.dispatch(Unknown Source)
	at org.apache.xerces.impl.XMLDocumentFragmentScannerImpl.scanDocument(Unknown Source)
	at org.apache.xerces.parsers.XML11Configuration.parse(Unknown Source)
	at org.apache.xerces.parsers.XML11Configuration.parse(Unknown Source)
	at org.apache.xerces.parsers.XMLParser.parse(Unknown Source)
	at org.apache.xerces.parsers.AbstractSAXParser.parse(Unknown Source)
	at org.apache.xerces.jaxp.SAXParserImpl$JAXPSAXParser.parse(Unknown Source)
	at org.apache.cocoon.core.xml.impl.JaxpSAXParser.parse(JaxpSAXParser.java:196)
	at org.apache.cocoon.core.xml.impl.JaxpSAXParser.parse(JaxpSAXParser.java:204)
	at org.apache.cocoon.components.source.util.SourceUtil.parse(SourceUtil.java:297)
	at org.apache.cocoon.generation.FileGenerator.generate(FileGenerator.java:136)
	at org.apache.cocoon.components.pipeline.impl.AbstractCachingProcessingPipeline.processXMLPipeline(AbstractCachingProcessingPipeline.java:360)
	... 49 more
Caused by: java.net.MalformedURLException: unknown protocol: resource
	at java.net.URL.<init>(URL.java:574)
	at java.net.URL.<init>(URL.java:464)
	at java.net.URL.<init>(URL.java:413)
	at org.apache.xerces.impl.XMLEntityManager.setupCurrentEntity(Unknown Source)
	at org.apache.xerces.impl.XMLVersionDetector.determineDocVersion(Unknown Source)
	at org.apache.xerces.parsers.XML11Configuration.parse(Unknown Source)
	at org.apache.xerces.parsers.XML11Configuration.parse(Unknown Source)
	at org.apache.xerces.parsers.XMLParser.parse(Unknown Source)
	at org.apache.xerces.parsers.AbstractSAXParser.parse(Unknown Source)
	at org.apache.xerces.jaxp.SAXParserImpl$JAXPSAXParser.parse(Unknown Source)
	at net.sf.saxon.event.Sender.sendSAXSource(Sender.java:397)
	at net.sf.saxon.event.Sender.send(Sender.java:156)
	at net.sf.saxon.functions.Document.makeDoc(Document.java:332)
	at net.sf.saxon.functions.Document$DocumentMappingFunction.map(Document.java:223)
	at net.sf.saxon.expr.ItemMappingIterator.next(ItemMappingIterator.java:91)
	at net.sf.saxon.expr.ContextMappingIterator.next(ContextMappingIterator.java:51)
	at net.sf.saxon.expr.ContextMappingIterator.next(ContextMappingIterator.java:51)
	at net.sf.saxon.expr.ContextMappingIterator.next(ContextMappingIterator.java:51)
	at net.sf.saxon.expr.ContextMappingIterator.next(ContextMappingIterator.java:51)
	at net.sf.saxon.expr.ContextMappingIterator.next(ContextMappingIterator.java:51)
	at net.sf.saxon.expr.DifferenceEnumeration.next(DifferenceEnumeration.java:57)
	at net.sf.saxon.expr.DifferenceEnumeration.<init>(DifferenceEnumeration.java:45)
	at net.sf.saxon.expr.VennExpression.iterate(VennExpression.java:417)
	at net.sf.saxon.instruct.CopyOf.processLeavingTail(CopyOf.java:404)
	at net.sf.saxon.instruct.Instruction.process(Instruction.java:93)
	at net.sf.saxon.instruct.DocumentInstr.evaluateItem(DocumentInstr.java:305)
	at net.sf.saxon.expr.ExpressionTool.evaluate(ExpressionTool.java:301)
	at net.sf.saxon.expr.LetExpression.eval(LetExpression.java:388)
	at net.sf.saxon.expr.LetExpression.processLeavingTail(LetExpression.java:623)
	at net.sf.saxon.instruct.Template.applyLeavingTail(Template.java:229)
	at net.sf.saxon.instruct.ApplyTemplates.applyTemplates(ApplyTemplates.java:354)
	at net.sf.saxon.instruct.ApplyTemplates.defaultAction(ApplyTemplates.java:389)
	at net.sf.saxon.instruct.ApplyTemplates.applyTemplates(ApplyTemplates.java:342)
	at net.sf.saxon.instruct.ApplyTemplates.defaultAction(ApplyTemplates.java:389)
	at net.sf.saxon.instruct.ApplyTemplates.applyTemplates(ApplyTemplates.java:342)
	at net.sf.saxon.instruct.ApplyTemplates.defaultAction(ApplyTemplates.java:389)
	at net.sf.saxon.instruct.ApplyTemplates.applyTemplates(ApplyTemplates.java:342)
	at net.sf.saxon.instruct.ApplyTemplates.defaultAction(ApplyTemplates.java:389)
	at net.sf.saxon.instruct.ApplyTemplates.applyTemplates(ApplyTemplates.java:342)
	at net.sf.saxon.Controller.transformDocument(Controller.java:1849)
	at net.sf.saxon.TransformerHandlerImpl.endDocument(TransformerHandlerImpl.java:144)
	at org.apache.cocoon.xml.AbstractXMLPipe.endDocument(AbstractXMLPipe.java:55)
	at org.apache.cocoon.transformation.TraxTransformer.endDocument(TraxTransformer.java:563)
	... 72 more
